<?xml version="1.0" encoding="UTF-8"?>
<testsuite name="com.pocmutationtesting.SumCalculatorTest" tests="3" skipped="0" failures="0" errors="0" timestamp="2022-09-29T14:51:54" hostname="MM-C02D113KP3YV" time="0.036">
  <properties/>
  <testcase name="calculate_whenFirstAndSecondIsBiggerThanZero()" classname="com.pocmutationtesting.SumCalculatorTest" time="0.021"/>
  <testcase name="calculate_whenSecondIsLessOrEqualThanZero_thenThrowException()" classname="com.pocmutationtesting.SumCalculatorTest" time="0.0"/>
  <testcase name="calculate_whenFirstIsLessOrEqualThanZero_thenThrowException()" classname="com.pocmutationtesting.SumCalculatorTest" time="0.013"/>
  <system-out><![CDATA[]]></system-out>
  <system-err><![CDATA[]]></system-err>
</testsuite>
